<?xml version="1.0" encoding="UTF-8"?>
<testsuite xmlns:xsi="http://www.w3.org/2001/XMLSchema-instance" xsi:noNamespaceSchemaLocation="https://maven.apache.org/surefire/maven-surefire-plugin/xsd/surefire-test-report-3.0.xsd" version="3.0" name="org.acme.kafka.processor.QuoteProcessorTest" time="20.012" tests="1" errors="1" skipped="0" failures="0">
  <properties>
[...]
</properties>
  <testcase name="testProcessor" classname="org.acme.kafka.processor.QuoteProcessorTest" time="0.44">
    <error type="org.apache.kafka.common.KafkaException"><![CDATA[org.apache.kafka.common.KafkaException: Failed to construct kafka consumer
	at org.acme.kafka.processor.QuoteProcessorTest.setUp(QuoteProcessorTest.java:41)
Caused by: org.apache.kafka.common.config.ConfigException: No resolvable bootstrap urls given in bootstrap.servers
	at org.acme.kafka.processor.QuoteProcessorTest.setUp(QuoteProcessorTest.java:41)
]]></error>
    <system-out><![CDATA[2021-08-04 10:43:36,585 WARN  [io.qua.arc.dep.SplitPackageProcessor] (build-41) Detected a split package usage which is considered a bad practice and should be avoided. Following packages were detected in multiple archives: 
- "io.smallrye.reactive.messaging.connectors" found in [io.smallrye.reactive:smallrye-reactive-messaging-in-memory, io.smallrye.reactive:smallrye-reactive-messaging-provider]
2021-08-04 10:43:42,776 WARN  [io.qua.kaf.cli.dep.DevServicesKafkaProcessor] (build-8) Docker isn't working, please configure the Kafka bootstrap servers property (kafka.bootstrap.servers).
2021-08-04 10:43:45,770 WARN  [io.sma.rea.mes.kafka] (main) SRMSG18216: No `group.id` set in the configuration, generate a random id: 3bb5a04a-342c-458b-8727-723963d5d605
2021-08-04 10:43:45,776 INFO  [io.sma.rea.mes.kafka] (main) SRMSG18229: Configured topics for channel 'requests': [quote-requests]
2021-08-04 10:43:46,033 INFO  [io.sma.rea.mes.kafka] (main) SRMSG18213: Setting bootstrap.servers to localhost:9092
2021-08-04 10:43:46,034 INFO  [io.sma.rea.mes.kafka] (main) SRMSG18214: Key deserializer omitted, using String as default
2021-08-04 10:43:46,035 INFO  [io.sma.rea.mes.kafka] (main) SRMSG18234: Auto-commit disabled for channel requests
2021-08-04 10:43:46,188 INFO  [org.apa.kaf.cli.con.ConsumerConfig] (main) ConsumerConfig values: 
	allow.auto.create.topics = true
	auto.commit.interval.ms = 5000
	auto.offset.reset = earliest
	bootstrap.servers = [localhost:9092]
	check.crcs = true
	client.dns.lookup = use_all_dns_ips
	client.id = kafka-consumer-requests
	client.rack = 
	connections.max.idle.ms = 540000
	default.api.timeout.ms = 60000
	enable.auto.commit = false
	exclude.internal.topics = true
	fetch.max.bytes = 52428800
	fetch.max.wait.ms = 500
	fetch.min.bytes = 1
	group.id = 3bb5a04a-342c-458b-8727-723963d5d605
	group.instance.id = null
	heartbeat.interval.ms = 3000
	interceptor.classes = []
	internal.leave.group.on.close = true
	internal.throw.on.fetch.stable.offset.unsupported = false
	isolation.level = read_uncommitted
	key.deserializer = class io.smallrye.reactive.messaging.kafka.fault.DeserializerWrapper
	max.partition.fetch.bytes = 1048576
	max.poll.interval.ms = 300000
	max.poll.records = 500
	metadata.max.age.ms = 300000
	metric.reporters = []
	metrics.num.samples = 2
	metrics.recording.level = INFO
	metrics.sample.window.ms = 30000
	partition.assignment.strategy = [class org.apache.kafka.clients.consumer.RangeAssignor]
	receive.buffer.bytes = 65536
	reconnect.backoff.max.ms = 10000
	reconnect.backoff.ms = 50
	request.timeout.ms = 30000
	retry.backoff.ms = 100
	sasl.client.callback.handler.class = null
	sasl.jaas.config = null
	sasl.kerberos.kinit.cmd = /usr/bin/kinit
	sasl.kerberos.min.time.before.relogin = 60000
	sasl.kerberos.service.name = null
	sasl.kerberos.ticket.renew.jitter = 0.05
	sasl.kerberos.ticket.renew.window.factor = 0.8
	sasl.login.callback.handler.class = null
	sasl.login.class = null
	sasl.login.refresh.buffer.seconds = 300
	sasl.login.refresh.min.period.seconds = 60
	sasl.login.refresh.window.factor = 0.8
	sasl.login.refresh.window.jitter = 0.05
	sasl.mechanism = GSSAPI
	security.protocol = PLAINTEXT
	security.providers = null
	send.buffer.bytes = 131072
	session.timeout.ms = 10000
	socket.connection.setup.timeout.max.ms = 30000
	socket.connection.setup.timeout.ms = 10000
	ssl.cipher.suites = null
	ssl.enabled.protocols = [TLSv1.2, TLSv1.3]
	ssl.endpoint.identification.algorithm = https
	ssl.engine.factory.class = null
	ssl.key.password = null
	ssl.keymanager.algorithm = SunX509
	ssl.keystore.certificate.chain = null
	ssl.keystore.key = null
	ssl.keystore.location = null
	ssl.keystore.password = null
	ssl.keystore.type = JKS
	ssl.protocol = TLSv1.3
	ssl.provider = null
	ssl.secure.random.implementation = null
	ssl.trustmanager.algorithm = PKIX
	ssl.truststore.certificates = null
	ssl.truststore.location = null
	ssl.truststore.password = null
	ssl.truststore.type = JKS
	value.deserializer = class io.smallrye.reactive.messaging.kafka.fault.DeserializerWrapper

2021-08-04 10:43:47,753 INFO  [org.apa.kaf.com.uti.AppInfoParser] (main) Kafka version: 2.8.0
2021-08-04 10:43:47,753 INFO  [org.apa.kaf.com.uti.AppInfoParser] (main) Kafka commitId: ebb1d6e21cc92130
2021-08-04 10:43:47,754 INFO  [org.apa.kaf.com.uti.AppInfoParser] (main) Kafka startTimeMs: 1628055827749
2021-08-04 10:43:47,784 INFO  [io.sma.rea.mes.kafka] (main) SRMSG18240: 'throttled' commit strategy used for channel 'requests'
2021-08-04 10:43:47,787 INFO  [io.sma.rea.mes.kafka] (main) SRMSG18232: Will commit for group '3bb5a04a-342c-458b-8727-723963d5d605' every 5000 milliseconds.
2021-08-04 10:43:47,788 INFO  [io.sma.rea.mes.kafka] (main) SRMSG18236: Will mark throttled commit strategy for group '3bb5a04a-342c-458b-8727-723963d5d605' as unhealthy if records go more than 60000 milliseconds without being processed.
2021-08-04 10:43:47,956 INFO  [io.sma.rea.mes.kafka] (main) SRMSG18213: Setting bootstrap.servers to localhost:9092
2021-08-04 10:43:47,957 INFO  [io.sma.rea.mes.kafka] (main) SRMSG18248: Key serializer omitted, using String as default
2021-08-04 10:43:47,957 INFO  [io.sma.rea.mes.kafka] (main) SRMSG18237: Setting client.id for Kafka producer to kafka-producer-quotes
2021-08-04 10:43:48,492 INFO  [org.apa.kaf.cli.pro.ProducerConfig] (main) ProducerConfig values: 
	acks = 1
	batch.size = 16384
	bootstrap.servers = [localhost:9092]
	buffer.memory = 33554432
	client.dns.lookup = use_all_dns_ips
	client.id = kafka-producer-quotes
	compression.type = none
	connections.max.idle.ms = 540000
	delivery.timeout.ms = 120000
	enable.idempotence = false
	interceptor.classes = []
	internal.auto.downgrade.txn.commit = false
	key.serializer = class org.apache.kafka.common.serialization.StringSerializer
	linger.ms = 0
	max.block.ms = 60000
	max.in.flight.requests.per.connection = 5
	max.request.size = 1048576
	metadata.max.age.ms = 300000
	metadata.max.idle.ms = 300000
	metric.reporters = []
	metrics.num.samples = 2
	metrics.recording.level = INFO
	metrics.sample.window.ms = 30000
	partitioner.class = class org.apache.kafka.clients.producer.internals.DefaultPartitioner
	receive.buffer.bytes = 32768
	reconnect.backoff.max.ms = 10000
	reconnect.backoff.ms = 50
	request.timeout.ms = 30000
	retries = 2147483647
	retry.backoff.ms = 100
	sasl.client.callback.handler.class = null
	sasl.jaas.config = null
	sasl.kerberos.kinit.cmd = /usr/bin/kinit
	sasl.kerberos.min.time.before.relogin = 60000
	sasl.kerberos.service.name = null
	sasl.kerberos.ticket.renew.jitter = 0.05
	sasl.kerberos.ticket.renew.window.factor = 0.8
	sasl.login.callback.handler.class = null
	sasl.login.class = null
	sasl.login.refresh.buffer.seconds = 300
	sasl.login.refresh.min.period.seconds = 60
	sasl.login.refresh.window.factor = 0.8
	sasl.login.refresh.window.jitter = 0.05
	sasl.mechanism = GSSAPI
	security.protocol = PLAINTEXT
	security.providers = null
	send.buffer.bytes = 131072
	socket.connection.setup.timeout.max.ms = 30000
	socket.connection.setup.timeout.ms = 10000
	ssl.cipher.suites = null
	ssl.enabled.protocols = [TLSv1.2, TLSv1.3]
	ssl.endpoint.identification.algorithm = https
	ssl.engine.factory.class = null
	ssl.key.password = null
	ssl.keymanager.algorithm = SunX509
	ssl.keystore.certificate.chain = null
	ssl.keystore.key = null
	ssl.keystore.location = null
	ssl.keystore.password = null
	ssl.keystore.type = JKS
	ssl.protocol = TLSv1.3
	ssl.provider = null
	ssl.secure.random.implementation = null
	ssl.trustmanager.algorithm = PKIX
	ssl.truststore.certificates = null
	ssl.truststore.location = null
	ssl.truststore.password = null
	ssl.truststore.type = JKS
	transaction.timeout.ms = 60000
	transactional.id = null
	value.serializer = class io.quarkus.kafka.client.serialization.ObjectMapperSerializer

2021-08-04 10:43:48,561 INFO  [org.apa.kaf.com.uti.AppInfoParser] (main) Kafka version: 2.8.0
2021-08-04 10:43:48,562 INFO  [org.apa.kaf.com.uti.AppInfoParser] (main) Kafka commitId: ebb1d6e21cc92130
2021-08-04 10:43:48,562 INFO  [org.apa.kaf.com.uti.AppInfoParser] (main) Kafka startTimeMs: 1628055828561
2021-08-04 10:43:49,583 INFO  [org.apa.kaf.cli.con.KafkaConsumer] (smallrye-kafka-consumer-thread-0) [Consumer clientId=kafka-consumer-requests, groupId=3bb5a04a-342c-458b-8727-723963d5d605] Subscribed to topic(s): quote-requests
2021-08-04 10:43:49,631 INFO  [io.quarkus] (main) Quarkus 2.1.0.Final on JVM started in 16.001s. 
2021-08-04 10:43:49,681 INFO  [io.quarkus] (main) Profile test activated. 
2021-08-04 10:43:49,681 INFO  [io.quarkus] (main) Installed features: [cdi, kafka-client, smallrye-context-propagation, smallrye-reactive-messaging, smallrye-reactive-messaging-kafka, vertx]
2021-08-04 10:43:50,407 INFO  [org.apa.kaf.cli.con.ConsumerConfig] (main) ConsumerConfig values: 
	allow.auto.create.topics = true
	auto.commit.interval.ms = 5000
	auto.offset.reset = earliest
	bootstrap.servers = []
	check.crcs = true
	client.dns.lookup = use_all_dns_ips
	client.id = consumer-test-group-id-1
	client.rack = 
	connections.max.idle.ms = 540000
	default.api.timeout.ms = 60000
	enable.auto.commit = true
	exclude.internal.topics = true
	fetch.max.bytes = 52428800
	fetch.max.wait.ms = 500
	fetch.min.bytes = 1
	group.id = test-group-id
	group.instance.id = null
	heartbeat.interval.ms = 3000
	interceptor.classes = []
	internal.leave.group.on.close = true
	internal.throw.on.fetch.stable.offset.unsupported = false
	isolation.level = read_uncommitted
	key.deserializer = class org.apache.kafka.common.serialization.StringDeserializer
	max.partition.fetch.bytes = 1048576
	max.poll.interval.ms = 300000
	max.poll.records = 500
	metadata.max.age.ms = 300000
	metric.reporters = []
	metrics.num.samples = 2
	metrics.recording.level = INFO
	metrics.sample.window.ms = 30000
	partition.assignment.strategy = [class org.apache.kafka.clients.consumer.RangeAssignor]
	receive.buffer.bytes = 65536
	reconnect.backoff.max.ms = 1000
	reconnect.backoff.ms = 50
	request.timeout.ms = 30000
	retry.backoff.ms = 100
	sasl.client.callback.handler.class = null
	sasl.jaas.config = null
	sasl.kerberos.kinit.cmd = /usr/bin/kinit
	sasl.kerberos.min.time.before.relogin = 60000
	sasl.kerberos.service.name = null
	sasl.kerberos.ticket.renew.jitter = 0.05
	sasl.kerberos.ticket.renew.window.factor = 0.8
	sasl.login.callback.handler.class = null
	sasl.login.class = null
	sasl.login.refresh.buffer.seconds = 300
	sasl.login.refresh.min.period.seconds = 60
	sasl.login.refresh.window.factor = 0.8
	sasl.login.refresh.window.jitter = 0.05
	sasl.mechanism = GSSAPI
	security.protocol = PLAINTEXT
	security.providers = null
	send.buffer.bytes = 131072
	session.timeout.ms = 10000
	socket.connection.setup.timeout.max.ms = 30000
	socket.connection.setup.timeout.ms = 10000
	ssl.cipher.suites = null
	ssl.enabled.protocols = [TLSv1.2, TLSv1.3]
	ssl.endpoint.identification.algorithm = https
	ssl.engine.factory.class = null
	ssl.key.password = null
	ssl.keymanager.algorithm = SunX509
	ssl.keystore.certificate.chain = null
	ssl.keystore.key = null
	ssl.keystore.location = null
	ssl.keystore.password = null
	ssl.keystore.type = JKS
	ssl.protocol = TLSv1.3
	ssl.provider = null
	ssl.secure.random.implementation = null
	ssl.trustmanager.algorithm = PKIX
	ssl.truststore.certificates = null
	ssl.truststore.location = null
	ssl.truststore.password = null
	ssl.truststore.type = JKS
	value.deserializer = class io.quarkus.kafka.client.serialization.ObjectMapperDeserializer

2021-08-04 10:43:50,418 INFO  [org.apa.kaf.com.met.Metrics] (main) Metrics scheduler closed
2021-08-04 10:43:50,418 INFO  [org.apa.kaf.com.met.Metrics] (main) Closing reporter org.apache.kafka.common.metrics.JmxReporter
2021-08-04 10:43:50,420 INFO  [org.apa.kaf.com.met.Metrics] (main) Metrics reporters closed
2021-08-04 10:43:50,421 INFO  [org.apa.kaf.com.uti.AppInfoParser] (main) App info kafka.consumer for consumer-test-group-id-1 unregistered
2021-08-04 10:43:50,604 INFO  [org.apa.kaf.cli.Metadata] (kafka-producer-network-thread | kafka-producer-quotes) [Producer clientId=kafka-producer-quotes] Cluster ID: y_-M44b1QGythrlXWkQffg
2021-08-04 10:43:50,603 INFO  [org.apa.kaf.cli.Metadata] (smallrye-kafka-consumer-thread-0) [Consumer clientId=kafka-consumer-requests, groupId=3bb5a04a-342c-458b-8727-723963d5d605] Cluster ID: y_-M44b1QGythrlXWkQffg
]]></system-out>
  </testcase>
</testsuite>